<?xml version="1.0" encoding="UTF-8"?>
<testsuite xmlns:xsi="http://www.w3.org/2001/XMLSchema-instance" xsi:noNamespaceSchemaLocation="https://maven.apache.org/surefire/maven-surefire-plugin/xsd/surefire-test-report-3.0.xsd" version="3.0" name="com.campus.eventhub.repository.ParticipantRepositoryDataJpaTest" time="0.478" tests="2" errors="0" skipped="0" failures="0">
  <properties>
[...]
</properties>
  <testcase name="testEmailUniquenessConstraint" classname="com.campus.eventhub.repository.ParticipantRepositoryDataJpaTest" time="0.022">
    <system-out><![CDATA[2026-07-26T16:58:25.761+07:00  INFO 8408 --- [           main] t.c.s.AnnotationConfigContextLoaderUtils : Could not detect default configuration classes for test class [com.campus.eventhub.repository.ParticipantRepositoryDataJpaTest]: ParticipantRepositoryDataJpaTest does not declare any static, non-private, non-final, nested classes annotated with @Configuration.
2026-07-26T16:58:25.791+07:00  INFO 8408 --- [           main] .b.t.c.SpringBootTestContextBootstrapper : Found @SpringBootConfiguration com.campus.eventhub.EventHubApplication for test class com.campus.eventhub.repository.ParticipantRepositoryDataJpaTest

  .   ____          _            __ _ _
 /\\ / ___'_ __ _ _(_)_ __  __ _ \ \ \ \
( ( )\___ | '_ | '_| | '_ \/ _` | \ \ \ \
 \\/  ___)| |_)| | | | | || (_| |  ) ) ) )
  '  |____| .__|_| |_|_| |_\__, | / / / /
 =========|_|==============|___/=/_/_/_/
 :: Spring Boot ::                (v3.2.5)

2026-07-26T16:58:25.825+07:00  INFO 8408 --- [           main] c.c.e.r.ParticipantRepositoryDataJpaTest : Starting ParticipantRepositoryDataJpaTest using Java 19.0.1 with PID 8408 (started by LE PHAM in C:\Users\LE PHAM\EventHub)
2026-07-26T16:58:25.825+07:00  INFO 8408 --- [           main] c.c.e.r.ParticipantRepositoryDataJpaTest : No active profile set, falling back to 1 default profile: "default"
2026-07-26T16:58:25.939+07:00  INFO 8408 --- [           main] .s.d.r.c.RepositoryConfigurationDelegate : Bootstrapping Spring Data JPA repositories in DEFAULT mode.
2026-07-26T16:58:25.955+07:00  INFO 8408 --- [           main] .s.d.r.c.RepositoryConfigurationDelegate : Finished Spring Data repository scanning in 15 ms. Found 4 JPA repository interfaces.
2026-07-26T16:58:25.963+07:00  INFO 8408 --- [           main] beddedDataSourceBeanFactoryPostProcessor : Replacing 'dataSource' DataSource bean with embedded version
2026-07-26T16:58:25.979+07:00  INFO 8408 --- [           main] o.s.j.d.e.EmbeddedDatabaseFactory        : Starting embedded database: url='jdbc:h2:mem:bd100e56-b53c-49e6-b0a0-85048cb62007;DB_CLOSE_DELAY=-1;DB_CLOSE_ON_EXIT=false', username='sa'
2026-07-26T16:58:25.994+07:00  INFO 8408 --- [           main] o.hibernate.jpa.internal.util.LogHelper  : HHH000204: Processing PersistenceUnitInfo [name: default]
2026-07-26T16:58:25.996+07:00  INFO 8408 --- [           main] o.h.c.internal.RegionFactoryInitiator    : HHH000026: Second-level cache disabled
2026-07-26T16:58:25.999+07:00  INFO 8408 --- [           main] o.s.o.j.p.SpringPersistenceUnitInfo      : No LoadTimeWeaver setup: ignoring JPA class transformer
2026-07-26T16:58:26.096+07:00  INFO 8408 --- [           main] o.h.e.t.j.p.i.JtaPlatformInitiator       : HHH000489: No JTA platform available (set 'hibernate.transaction.jta.platform' to enable JTA platform integration)
Hibernate: drop table if exists events cascade 
Hibernate: drop table if exists participants cascade 
Hibernate: drop table if exists registrations cascade 
Hibernate: drop table if exists user_accounts cascade 
Hibernate: create table events (available_seats integer not null, capacity integer not null, created_at timestamp(6) not null, id bigint generated by default as identity, start_at timestamp(6) not null, description varchar(1000), location varchar(255) not null, status varchar(255) not null check (status in ('DRAFT','OPEN','CLOSED','CANCELLED')), title varchar(255) not null, primary key (id))
Hibernate: create table participants (created_at timestamp(6) not null, id bigint generated by default as identity, user_account_id bigint unique, email varchar(255) not null unique, full_name varchar(255) not null, primary key (id))
Hibernate: create table registrations (cancelled_at timestamp(6), event_id bigint not null, id bigint generated by default as identity, participant_id bigint not null, registered_at timestamp(6) not null, status varchar(255) not null check (status in ('ACTIVE','CANCELLED')), primary key (id))
Hibernate: create table user_accounts (enabled boolean not null, created_at timestamp(6) not null, id bigint generated by default as identity, email varchar(255) not null unique, password_hash varchar(255) not null, role varchar(255) not null check (role in ('EVENT_ADMIN','PARTICIPANT')), primary key (id))
Hibernate: alter table if exists participants add constraint FKumfiysgsqtsadgvsiy1at0cn foreign key (user_account_id) references user_accounts
Hibernate: alter table if exists registrations add constraint FK8mi58jt1s8fxmi56jnau0cxqw foreign key (event_id) references events
Hibernate: alter table if exists registrations add constraint FKjaepw4drjvckhepleckkse9ol foreign key (participant_id) references participants
2026-07-26T16:58:26.107+07:00  INFO 8408 --- [           main] j.LocalContainerEntityManagerFactoryBean : Initialized JPA EntityManagerFactory for persistence unit 'default'
2026-07-26T16:58:26.187+07:00  INFO 8408 --- [           main] c.c.e.r.ParticipantRepositoryDataJpaTest : Started ParticipantRepositoryDataJpaTest in 0.391 seconds (process running for 9.986)
Hibernate: insert into participants (created_at,email,full_name,user_account_id,id) values (?,?,?,?,default)
Hibernate: insert into participants (created_at,email,full_name,user_account_id,id) values (?,?,?,?,default)
2026-07-26T16:58:26.201+07:00  WARN 8408 --- [           main] o.h.engine.jdbc.spi.SqlExceptionHelper   : SQL Error: 23505, SQLState: 23505
2026-07-26T16:58:26.201+07:00 ERROR 8408 --- [           main] o.h.engine.jdbc.spi.SqlExceptionHelper   : Unique index or primary key violation: "PUBLIC.CONSTRAINT_INDEX_14 ON PUBLIC.PARTICIPANTS(EMAIL NULLS FIRST) VALUES ( /* 1 */ 'duplicate@campus.edu.vn' )"; SQL statement:
insert into participants (created_at,email,full_name,user_account_id,id) values (?,?,?,?,default) [23505-224]
]]></system-out>
  </testcase>
  <testcase name="testFindAllWithPagination" classname="com.campus.eventhub.repository.ParticipantRepositoryDataJpaTest" time="0.022">
    <system-out><![CDATA[Hibernate: insert into participants (created_at,email,full_name,user_account_id,id) values (?,?,?,?,default)
Hibernate: insert into participants (created_at,email,full_name,user_account_id,id) values (?,?,?,?,default)
Hibernate: insert into participants (created_at,email,full_name,user_account_id,id) values (?,?,?,?,default)
Hibernate: select p1_0.id,p1_0.created_at,p1_0.email,p1_0.full_name,p1_0.user_account_id from participants p1_0 offset ? rows fetch first ? rows only
Hibernate: select count(p1_0.id) from participants p1_0
]]></system-out>
  </testcase>
</testsuite>